<?xml version="1.0" encoding="UTF-8"?>
<!-- Generated by org.testng.reporters.JUnitReportReporter -->
<testsuite hostname="Admin-PC" name="actitime.GridDemo3" tests="1" failures="0" timestamp="20 Sep 2018 06:23:47 GMT" time="24.480" errors="0">
  <testcase name="testDemoA" time="24.480" classname="actitime.GridDemo3"/>
</testsuite> <!-- actitime.GridDemo3 -->
