<?xml version="1.0" encoding="UTF-8"?>
<!-- Generated by org.testng.reporters.JUnitReportReporter -->
<testsuite hostname="Admin-PC" name="qsp.DemoB" tests="1" failures="0" timestamp="19 Sep 2018 15:32:52 GMT" time="30.815" errors="0">
  <testcase name="testDemoB" time="30.815" classname="qsp.DemoB"/>
</testsuite> <!-- qsp.DemoB -->
