<?xml version="1.0" encoding="UTF-8"?>
<!-- Generated by org.testng.reporters.JUnitReportReporter -->
<testsuite hostname="Admin-PC" name="actitime.GridDemo2" tests="1" failures="0" timestamp="20 Sep 2018 06:23:26 GMT" time="29.932" errors="0">
  <testcase name="testDemoA" time="29.932" classname="actitime.GridDemo2"/>
</testsuite> <!-- actitime.GridDemo2 -->
