<?xml version="1.0" encoding="UTF-8"?>
<!-- Generated by org.testng.reporters.JUnitReportReporter -->
<testsuite hostname="Admin-PC" name="listeners.XL" tests="1" failures="0" timestamp="21 Sep 2018 08:39:40 GMT" time="1.653" errors="0">
  <testcase name="testA" time="1.653" classname="listeners.XL"/>
</testsuite> <!-- listeners.XL -->
