<?xml version="1.0" encoding="UTF-8"?>
<!-- Generated by org.testng.reporters.JUnitReportReporter -->
<testsuite hostname="Admin-PC" name="xl.Demo4" tests="1" failures="0" timestamp="22 Sep 2018 04:57:26 GMT" time="1.814" errors="0">
  <testcase name="testA" time="1.814" classname="xl.Demo4"/>
</testsuite> <!-- xl.Demo4 -->
