<?xml version="1.0" encoding="UTF-8"?>
<!-- Generated by org.testng.reporters.JUnitReportReporter -->
<testsuite hostname="Admin-PC" name="actitime.GridDemo5" tests="2" failures="0" timestamp="20 Sep 2018 06:49:06 GMT" time="30.207" errors="0">
  <testcase name="testDemoA" time="16.418" classname="actitime.GridDemo5"/>
  <testcase name="testDemoA" time="13.789" classname="actitime.GridDemo5"/>
</testsuite> <!-- actitime.GridDemo5 -->
