<?xml version="1.0" encoding="UTF-8"?>
<!-- Generated by org.testng.reporters.JUnitReportReporter -->
<testsuite hostname="Admin-PC" name="actitime.GridDemo" tests="1" failures="0" timestamp="20 Sep 2018 06:23:26 GMT" time="31.438" errors="0">
  <testcase name="testDemoA" time="31.438" classname="actitime.GridDemo"/>
</testsuite> <!-- actitime.GridDemo -->
