<?xml version="1.0" encoding="UTF-8"?>
<!-- Generated by org.testng.reporters.JUnitReportReporter -->
<testsuite hostname="Admin-PC" name="actitime.GridDemo4" tests="1" failures="0" timestamp="20 Sep 2018 06:30:51 GMT" time="14.307" errors="0">
  <testcase name="testDemoA" time="14.307" classname="actitime.GridDemo4"/>
</testsuite> <!-- actitime.GridDemo4 -->
