<?xml version="1.0" encoding="UTF-8"?>
<!-- Generated by org.testng.reporters.JUnitReportReporter -->
<testsuite hostname="Admin-PC" name="sony.DemoA" tests="1" failures="0" timestamp="11 Jun 2019 09:52:10 GMT" time="0.054" errors="0">
  <testcase name="TestA" time="0.054" classname="sony.DemoA"/>
</testsuite> <!-- sony.DemoA -->
