<?xml version="1.0" encoding="UTF-8"?>
<!-- Generated by org.testng.reporters.JUnitReportReporter -->
<testsuite hostname="Admin-PC" name="qsp.DemoA" tests="1" failures="0" timestamp="18 Sep 2018 14:06:26 GMT" time="0.012" errors="0">
  <testcase name="testA" time="0.012" classname="qsp.DemoA"/>
</testsuite> <!-- qsp.DemoA -->
