<?xml version="1.0" encoding="UTF-8"?>
<!-- Generated by org.testng.reporters.JUnitReportReporter -->
<testsuite hostname="Admin-PC" name="qsp.TestClass" tests="2" failures="0" timestamp="18 Sep 2018 06:08:07 GMT" time="0.000" errors="0">
  <testcase name="deleteUser" time="0.000" classname="qsp.TestClass"/>
  <testcase name="createUser" time="0.000" classname="qsp.TestClass"/>
</testsuite> <!-- qsp.TestClass -->
