<?xml version="1.0" encoding="UTF-8"?>
<!-- Generated by org.testng.reporters.JUnitReportReporter -->
<testsuite hostname="Admin-PC" name="qsp.DemoD" tests="1" failures="0" timestamp="18 Sep 2018 06:11:31 GMT" time="0.031" errors="0">
  <testcase name="testD" time="0.031" classname="qsp.DemoD"/>
</testsuite> <!-- qsp.DemoD -->
