<?xml version="1.0" encoding="UTF-8"?>
<!-- Generated by org.testng.reporters.JUnitReportReporter -->
<testsuite hostname="Admin-PC" name="prac.TestClass" tests="2" failures="0" timestamp="18 Sep 2018 06:11:32 GMT" time="0.016" errors="0">
  <testcase name="deleteUser" time="0.000" classname="prac.TestClass"/>
  <testcase name="createUser" time="0.016" classname="prac.TestClass"/>
</testsuite> <!-- prac.TestClass -->
