<?xml version="1.0" encoding="UTF-8"?>
<!-- Generated by org.testng.reporters.JUnitReportReporter -->
<testsuite hostname="Admin-PC" name="qsp.DemoB" tests="2" failures="0" timestamp="18 Sep 2018 14:06:26 GMT" time="0.011" errors="0">
  <testcase name="testB1" time="0.007" classname="qsp.DemoB"/>
  <testcase name="testB2" time="0.004" classname="qsp.DemoB"/>
</testsuite> <!-- qsp.DemoB -->
