<?xml version="1.0" encoding="UTF-8"?>
<!-- Generated by org.testng.reporters.JUnitReportReporter -->
<testsuite hostname="Admin-PC" name="dP.DemoD" tests="4" failures="0" timestamp="19 Sep 2018 12:42:02 GMT" time="0.050" errors="0">
  <testcase name="deleteProduct" time="0.004" classname="dP.DemoD"/>
  <testcase name="createUser" time="0.021" classname="dP.DemoD"/>
  <testcase name="deleteUser" time="0.004" classname="dP.DemoD"/>
  <testcase name="createProduct" time="0.021" classname="dP.DemoD"/>
</testsuite> <!-- dP.DemoD -->
