<?xml version="1.0" encoding="UTF-8"?>
<!-- Generated by org.testng.reporters.JUnitReportReporter -->
<testsuite hostname="Admin-PC" name="qsp.DemoB" tests="1" failures="0" timestamp="18 Sep 2018 06:44:34 GMT" time="0.016" errors="0">
  <testcase name="testB" time="0.016" classname="qsp.DemoB"/>
</testsuite> <!-- qsp.DemoB -->
