<?xml version="1.0" encoding="UTF-8"?>
<!-- Generated by org.testng.reporters.JUnitReportReporter -->
<testsuite hostname="Admin-PC" name="qsp.TestClass" tests="1" failures="0" timestamp="18 Sep 2018 06:40:04 GMT" time="0.000" errors="0">
  <testcase name="testA" time="0.000" classname="qsp.TestClass"/>
</testsuite> <!-- qsp.TestClass -->
