<?xml version="1.0" encoding="UTF-8"?>
<!-- Generated by org.testng.reporters.JUnitReportReporter -->
<testsuite hostname="Admin-PC" name="jsp.DemoB" tests="2" failures="0" timestamp="30 Sep 2018 17:19:01 GMT" time="0.015" errors="0">
  <testcase name="testB2" time="0.015" classname="jsp.DemoB"/>
  <testcase name="testB1" time="0.000" classname="jsp.DemoB"/>
</testsuite> <!-- jsp.DemoB -->
