<?xml version="1.0" encoding="UTF-8"?>
<!-- Generated by org.testng.reporters.JUnitReportReporter -->
<testsuite hostname="Admin-PC" name="qsp.Demo_B" tests="2" failures="0" timestamp="18 Sep 2018 06:44:34 GMT" time="0.016" errors="0">
  <testcase name="testB2" time="0.000" classname="qsp.Demo_B"/>
  <testcase name="testB1" time="0.016" classname="qsp.Demo_B"/>
</testsuite> <!-- qsp.Demo_B -->
