<?xml version="1.0" encoding="UTF-8"?>
<!-- Generated by org.testng.reporters.JUnitReportReporter -->
<testsuite hostname="Admin-PC" name="jsp.DemoA" tests="1" failures="0" timestamp="30 Sep 2018 17:19:01 GMT" time="0.000" errors="0">
  <testcase name="testA" time="0.000" classname="jsp.DemoA"/>
</testsuite> <!-- jsp.DemoA -->
