<?xml version="1.0" encoding="UTF-8"?>
<!-- Generated by org.testng.reporters.JUnitReportReporter -->
<testsuite hostname="Admin-PC" name="qsp.DemoD" tests="4" failures="0" timestamp="19 Sep 2018 15:38:02 GMT" time="0.044" errors="0">
  <testcase name="createUser" time="0.014" classname="qsp.DemoD"/>
  <testcase name="deleteUser" time="0.006" classname="qsp.DemoD"/>
  <testcase name="createProduct" time="0.005" classname="qsp.DemoD"/>
  <testcase name="deleteProduct" time="0.019" classname="qsp.DemoD"/>
</testsuite> <!-- qsp.DemoD -->
