<?xml version="1.0" encoding="UTF-8"?>
<!-- Generated by org.testng.reporters.JUnitReportReporter -->
<testsuite hostname="Admin-PC" name="jsp.DPDemo" tests="2" failures="0" timestamp="30 Sep 2018 18:00:20 GMT" time="0.031" errors="0">
  <testcase name="createUser" time="0.016" classname="jsp.DPDemo"/>
  <testcase name="createUser" time="0.015" classname="jsp.DPDemo"/>
</testsuite> <!-- jsp.DPDemo -->
