<?xml version="1.0" encoding="UTF-8"?>
<!-- Generated by org.testng.reporters.JUnitReportReporter -->
<testsuite hostname="Admin-PC" name="qsp.DemoC" tests="4" failures="0" timestamp="30 Sep 2018 13:44:11 GMT" time="0.037" errors="0">
  <testcase name="editUser" time="0.014" classname="qsp.DemoC"/>
  <testcase name="deleteUser" time="0.005" classname="qsp.DemoC"/>
  <testcase name="createUser" time="0.006" classname="qsp.DemoC"/>
  <testcase name="createUser" time="0.012" classname="qsp.DemoC"/>
</testsuite> <!-- qsp.DemoC -->
