<?xml version="1.0" encoding="UTF-8"?>
<!-- Generated by org.testng.reporters.JUnitReportReporter -->
<testsuite hostname="Admin-PC" name="jsp.DetailDemo" tests="2" failures="0" timestamp="19 Sep 2018 13:28:25 GMT" time="0.033" errors="0">
  <testcase name="createUser" time="0.009" classname="jsp.DetailDemo"/>
  <testcase name="createUser" time="0.024" classname="jsp.DetailDemo"/>
</testsuite> <!-- jsp.DetailDemo -->
