<?xml version="1.0" encoding="UTF-8"?>
<!-- Generated by org.testng.reporters.JUnitReportReporter -->
<testsuite hostname="Admin-PC" name="script.GmailTC1" tests="1" failures="0" timestamp="25 Oct 2018 03:30:33 GMT" time="80.499" errors="0">
  <testcase name="testGmailTC1" time="80.499" classname="script.GmailTC1"/>
</testsuite> <!-- script.GmailTC1 -->
